<?xml version="1.0" encoding="UTF-8"?>
<!-- Generated by org.testng.reporters.JUnitReportReporter -->
<testsuite hostname="Lenovo" failures="0" tests="1" name="day1.ExcelData" time="0.000" errors="0" timestamp="2021-02-11T23:43:31 GMT-08:00" skipped="1">
  <testcase classname="day1.ExcelData" name="loginpage" time="0.000">
    <skipped/>
  </testcase> <!-- loginpage -->
  <system-out/>
</testsuite> <!-- day1.ExcelData -->
