<?xml version="1.0" encoding="UTF-8"?>
<!-- Generated by org.testng.reporters.JUnitReportReporter -->
<testsuite hostname="Lenovo" failures="0" tests="3" name="day1.DatadrivenExample" time="392.363" errors="0" timestamp="2021-02-11T09:11:58 GMT-08:00" skipped="0">
  <testcase classname="day1.DatadrivenExample" name="login" time="28.307"/>
  <system-out/>
  <testcase classname="day1.DatadrivenExample" name="login" time="74.076"/>
  <system-out/>
  <testcase classname="day1.DatadrivenExample" name="login" time="289.980"/>
  <system-out/>
</testsuite> <!-- day1.DatadrivenExample -->
